W:\SOFTWARE RELEASE\PRIOR DLL SDK\PRIORSDK 1.3.1 WIP\EXAMPLES\C++\PRIORSCIENTIFICSDK CPLUSPLUS\SDKUSER\X64\DEBUG\SDKUSER.PCH
W:\SOFTWARE RELEASE\PRIOR DLL SDK\PRIORSDK 1.3.1 WIP\EXAMPLES\C++\PRIORSCIENTIFICSDK CPLUSPLUS\SDKUSER\X64\DEBUG\STDAFX.OBJ
W:\SOFTWARE RELEASE\PRIOR DLL SDK\PRIORSDK 1.3.1 WIP\EXAMPLES\C++\PRIORSCIENTIFICSDK CPLUSPLUS\SDKUSER\X64\DEBUG\VC110.PDB
W:\SOFTWARE RELEASE\PRIOR DLL SDK\PRIORSDK 1.3.1 WIP\EXAMPLES\C++\PRIORSCIENTIFICSDK CPLUSPLUS\SDKUSER\X64\DEBUG\SDKUSER.OBJ
W:\SOFTWARE RELEASE\PRIOR DLL SDK\PRIORSDK 1.3.1 WIP\X64\SDKUSER.ILK
W:\SOFTWARE RELEASE\PRIOR DLL SDK\PRIORSDK 1.3.1 WIP\X64\SDKUSER.EXE
W:\SOFTWARE RELEASE\PRIOR DLL SDK\PRIORSDK 1.3.1 WIP\X64\SDKUSER.PDB
W:\Software Release\Prior DLL SDK\PriorSDK 1.3.1 WIP\examples\c++\PriorScientificSDK Cplusplus\SDKuser\x64\Debug\SDKuser.obj
W:\Software Release\Prior DLL SDK\PriorSDK 1.3.1 WIP\examples\c++\PriorScientificSDK Cplusplus\SDKuser\x64\Debug\stdafx.obj
W:\Software Release\Prior DLL SDK\PriorSDK 1.3.1 WIP\examples\c++\PriorScientificSDK Cplusplus\SDKuser\x64\Debug\cl.command.1.tlog
W:\Software Release\Prior DLL SDK\PriorSDK 1.3.1 WIP\examples\c++\PriorScientificSDK Cplusplus\SDKuser\x64\Debug\CL.read.1.tlog
W:\Software Release\Prior DLL SDK\PriorSDK 1.3.1 WIP\examples\c++\PriorScientificSDK Cplusplus\SDKuser\x64\Debug\CL.write.1.tlog
W:\Software Release\Prior DLL SDK\PriorSDK 1.3.1 WIP\examples\c++\PriorScientificSDK Cplusplus\SDKuser\x64\Debug\link-cvtres.read.1.tlog
W:\Software Release\Prior DLL SDK\PriorSDK 1.3.1 WIP\examples\c++\PriorScientificSDK Cplusplus\SDKuser\x64\Debug\link-cvtres.write.1.tlog
W:\Software Release\Prior DLL SDK\PriorSDK 1.3.1 WIP\examples\c++\PriorScientificSDK Cplusplus\SDKuser\x64\Debug\link-rc.read.1.tlog
W:\Software Release\Prior DLL SDK\PriorSDK 1.3.1 WIP\examples\c++\PriorScientificSDK Cplusplus\SDKuser\x64\Debug\link-rc.write.1.tlog
W:\Software Release\Prior DLL SDK\PriorSDK 1.3.1 WIP\examples\c++\PriorScientificSDK Cplusplus\SDKuser\x64\Debug\link.command.1.tlog
W:\Software Release\Prior DLL SDK\PriorSDK 1.3.1 WIP\examples\c++\PriorScientificSDK Cplusplus\SDKuser\x64\Debug\link.read.1.tlog
W:\Software Release\Prior DLL SDK\PriorSDK 1.3.1 WIP\examples\c++\PriorScientificSDK Cplusplus\SDKuser\x64\Debug\link.write.1.tlog
W:\Software Release\Prior DLL SDK\PriorSDK 1.3.1 WIP\examples\c++\PriorScientificSDK Cplusplus\SDKuser\x64\Debug\SDKuser.pch
W:\Software Release\Prior DLL SDK\PriorSDK 1.3.1 WIP\examples\c++\PriorScientificSDK Cplusplus\SDKuser\x64\Debug\vc110.idb
W:\Software Release\Prior DLL SDK\PriorSDK 1.3.1 WIP\examples\c++\PriorScientificSDK Cplusplus\SDKuser\x64\Debug\vc110.pdb
W:\Software Release\Prior DLL SDK\PriorSDK 1.3.1 WIP\examples\c++\PriorScientificSDK Cplusplus\SDKuser\..\..\..\..\x64\SDKuser.exe
